\BOOKMARK [1][-]{section.1}{Working with R}{}% 1
\BOOKMARK [2][-]{subsection.1.1}{Launch RStudio}{section.1}% 2
\BOOKMARK [2][-]{subsection.1.2}{RStudio Panel Components}{section.1}% 3
\BOOKMARK [2][-]{subsection.1.3}{R as Calculator}{section.1}% 4
\BOOKMARK [2][-]{subsection.1.4}{Data Analysis using R}{section.1}% 5
\BOOKMARK [3][-]{subsubsection.1.4.1}{Your First Data Set}{subsection.1.4}% 6
\BOOKMARK [3][-]{subsubsection.1.4.2}{Your First R Plot}{subsection.1.4}% 7
\BOOKMARK [3][-]{subsubsection.1.4.3}{A Second Example}{subsection.1.4}% 8
\BOOKMARK [1][-]{section.2}{Phenological Onset of Spring}{}% 9
\BOOKMARK [2][-]{subsection.2.1}{The Dataset}{section.2}% 10
\BOOKMARK [2][-]{subsection.2.2}{Understanding the Dataset}{section.2}% 11
\BOOKMARK [1][-]{section.3}{Visualizing Data on Geographical Maps}{}% 12
\BOOKMARK [2][-]{subsection.3.1}{R Packages}{section.3}% 13
\BOOKMARK [2][-]{subsection.3.2}{Loading Packages}{section.3}% 14
\BOOKMARK [2][-]{subsection.3.3}{Plotting a Base Map Layer}{section.3}% 15
\BOOKMARK [2][-]{subsection.3.4}{Plot Points on the Map}{section.3}% 16
\BOOKMARK [2][-]{subsection.3.5}{Plot Elevation on the Map}{section.3}% 17
\BOOKMARK [1][-]{section.4}{Subsetting pheno Dataset}{}% 18
\BOOKMARK [2][-]{subsection.4.1}{Subset Criteria}{section.4}% 19
\BOOKMARK [2][-]{subsection.4.2}{Subsetting Code in R}{section.4}% 20
\BOOKMARK [2][-]{subsection.4.3}{Verify Subsetting}{section.4}% 21
\BOOKMARK [1][-]{section.5}{Map Phenology Data}{}% 22
\BOOKMARK [2][-]{subsection.5.1}{Spring of Year 2010}{section.5}% 23
\BOOKMARK [2][-]{subsection.5.2}{Spring of Year 2013}{section.5}% 24
\BOOKMARK [2][-]{subsection.5.3}{Spring of Year 2016}{section.5}% 25
